<?xml version="1.0" encoding="UTF-8"?>
<!-- Generated by org.testng.reporters.JUnitReportReporter -->
<testsuite hostname="nazmusnafis" failures="0" tests="1" name="tast.java.TokenCreation" time="1.736" errors="0" timestamp="2025-06-26T20:04:36 CEST" skipped="0">
  <testcase classname="tast.java.TokenCreation" name="getToken" time="1.736"/>
</testsuite> <!-- tast.java.TokenCreation -->
