<?xml version="1.0" encoding="UTF-8"?>
<!-- Generated by org.testng.reporters.JUnitReportReporter -->
<testsuite hostname="nazmusnafis" failures="0" tests="1" name="test.java.ApiKeyCreationTest" time="0.241" errors="0" timestamp="2025-06-27T19:21:33 CEST" skipped="0">
  <testcase classname="test.java.ApiKeyCreationTest" name="getApiKey" time="0.241"/>
</testsuite> <!-- test.java.ApiKeyCreationTest -->
