<?xml version="1.0" encoding="UTF-8"?>
<!-- Generated by org.testng.reporters.JUnitReportReporter -->
<testsuite hostname="nazmusnafis" failures="0" tests="1" name="test.java.SignUpTest" time="1.591" errors="0" timestamp="2025-06-27T19:21:33 CEST" skipped="0">
  <testcase classname="test.java.SignUpTest" name="signUp" time="1.591"/>
</testsuite> <!-- test.java.SignUpTest -->
