<?xml version="1.0" encoding="UTF-8"?>
<!-- Generated by org.testng.reporters.JUnitReportReporter -->
<testsuite hostname="nazmusnafis" failures="0" tests="1" name="test.java.GetBankAccountDetailsTest" time="0.119" errors="0" timestamp="2025-06-27T17:19:40 CEST" skipped="0">
  <testcase classname="test.java.GetBankAccountDetailsTest" name="getBankAccountDetails" time="0.119"/>
</testsuite> <!-- test.java.GetBankAccountDetailsTest -->
