<?xml version="1.0" encoding="UTF-8"?>
<!-- Generated by org.testng.reporters.JUnitReportReporter -->
<testsuite hostname="nazmusnafis" failures="0" tests="1" name="tast.java.Authentication" time="1.676" errors="0" timestamp="2025-06-26T20:05:52 CEST" skipped="0">
  <testcase classname="tast.java.Authentication" name="login" time="1.676"/>
</testsuite> <!-- tast.java.Authentication -->
