<?xml version="1.0" encoding="UTF-8"?>
<!-- Generated by org.testng.reporters.JUnitReportReporter -->
<testsuite hostname="nazmusnafis" failures="0" tests="5" name="test.java.CreateBankAccountNegativeTests" time="0.591" errors="0" timestamp="2025-06-27T18:56:59 CEST" skipped="0">
  <testcase classname="test.java.CreateBankAccountNegativeTests" name="createAccountWithEmptyBody" time="0.089"/>
  <testcase classname="test.java.CreateBankAccountNegativeTests" name="createAccountWithInvalidDepositType" time="0.144"/>
  <testcase classname="test.java.CreateBankAccountNegativeTests" name="createAccountWithMissingFields" time="0.094"/>
  <testcase classname="test.java.CreateBankAccountNegativeTests" name="createAccountWithLargePayload" time="0.151"/>
  <testcase classname="test.java.CreateBankAccountNegativeTests" name="createAccountWithMissingApiKey" time="0.113"/>
</testsuite> <!-- test.java.CreateBankAccountNegativeTests -->
