<?xml version="1.0" encoding="UTF-8"?>
<!-- Generated by org.testng.reporters.JUnitReportReporter -->
<testsuite hostname="nazmusnafis" failures="0" tests="1" name="tast.java.CreateBankAccount" time="1.681" errors="0" timestamp="2025-06-26T20:06:47 CEST" skipped="0">
  <testcase classname="tast.java.CreateBankAccount" name="creatAccount" time="1.681"/>
</testsuite> <!-- tast.java.CreateBankAccount -->
