<?xml version="1.0" encoding="UTF-8"?>
<!-- Generated by org.testng.reporters.JUnitReportReporter -->
<testsuite hostname="nazmusnafis" failures="0" tests="1" name="tast.java.GetBankAccountDetails" time="1.236" errors="0" timestamp="2025-06-26T20:07:41 CEST" skipped="0">
  <testcase classname="tast.java.GetBankAccountDetails" name="getBankAccountDetails" time="1.236"/>
</testsuite> <!-- tast.java.GetBankAccountDetails -->
